<?xml version="1.0" encoding="UTF-8"?>
<!-- Generated by org.testng.reporters.JUnitReportReporter -->
<testsuite hostname="Jajati-PC" name="com.json.jackson.ObjectMapperDemoTest" tests="1" failures="0" timestamp="31 Jul 2018 17:28:00 GMT" time="1.558" errors="0">
  <testcase name="testReadJsonWithObjectMapper" time="1.558" classname="com.json.jackson.ObjectMapperDemoTest"/>
</testsuite> <!-- com.json.jackson.ObjectMapperDemoTest -->
